C51 COMPILER V9.00   IIC                                                                   09/06/2018 20:28:56 PAGE 1   


C51 COMPILER V9.00, COMPILATION OF MODULE IIC
OBJECT MODULE PLACED IN iic.OBJ
COMPILER INVOKED BY: F:\Program Files\keil4\C51\BIN\C51.EXE iic.c LARGE BROWSE DEBUG OBJECTEXTEND

line level    source

   1          #include<iic.h>
   2          #include<STC12C54.h>
   3          #define uchar unsigned char
   4          #define uint unsigned int 
   5          
   6          sbit SDA=P3^0;   //SDA口设置
   7          sbit SCL=P3^1;   //SCL口设置
   8          
   9          void delay()    //略微延时  
  10          { 
  11   1          int i=0;
  12   1          for(i=0;i<10;i++)  //
  13   1               _nop_();
  14   1      }
  15          void delayNus(int n)
  16          {
  17   1              int i=0;
  18   1          for(i=0;i<n;i++)  //
  19   1              delay();
  20   1      }
  21          void iic_start()   //启动信号
  22          {
  23   1          SDA=1;
  24   1          SCL=1;
  25   1          delay();
  26   1          SDA=0;
  27   1          delay();
  28   1          SCL=0;
  29   1      }
  30          
  31          void iic_stop()  //停止信号
  32          {
  33   1          SDA=0;
  34   1          SCL=1;
  35   1          delay();
  36   1          SDA=1;
  37   1          delay();
  38   1          SCL=0;
  39   1      }
  40          
  41          void iic_ack()   //应答信号
  42          {
  43   1          uchar i=0;
  44   1          SCL=1;
  45   1          delay();
  46   1          while((SDA==1)&&(i<255))
  47   1              i++;
  48   1          SCL=0;
  49   1          delay();
  50   1      }
  51          
  52          void iic_send_byte(uchar bat)  //发送数据
  53          {
  54   1          uchar i,temp;
  55   1          temp=bat;
C51 COMPILER V9.00   IIC                                                                   09/06/2018 20:28:56 PAGE 2   

  56   1          for(i=0;i<=7;i++)
  57   1          {
  58   2              temp=temp<<1;
  59   2              SCL=0;
  60   2              SDA=CY;
  61   2              delay();
  62   2              SCL=1;
  63   2              delay();
  64   2          }
  65   1          SCL=0;
  66   1          delay();
  67   1          SDA=1;
  68   1          delay();
  69   1      }
  70          
  71          uchar iic_rev()  //接受数据
  72          {
  73   1          uchar temp,i;
  74   1          SCL=0;
  75   1          delay();
  76   1          SDA=1;
  77   1          for(i=0;i<=7;i++)
  78   1          {
  79   2              SCL=1;
  80   2              delay();
  81   2              temp=(temp<<1)|SDA;
  82   2              SCL=0;
  83   2              delay();
  84   2          }
  85   1          delay();
  86   1          return temp;
  87   1      }
  88          
  89          void iic_send_add_byte(uchar add,uchar bat) //向某个地址发送某数据
  90          {
  91   1          iic_start();
  92   1          iic_send_byte(0xa2);
  93   1          iic_ack();
  94   1          iic_send_byte(add);
  95   1          iic_ack();
  96   1          iic_send_byte(bat);
  97   1          iic_ack();
  98   1          iic_stop();
  99   1      }
 100          
 101          uchar iic_rec_add_byte(uchar add) //从某个地址读出数据
 102          {
 103   1          uchar temp;
 104   1          iic_start();
 105   1          iic_send_byte(0xa2);
 106   1          iic_ack();
 107   1          iic_send_byte(add);
 108   1          iic_ack();
 109   1          iic_start();
 110   1          iic_send_byte(0xa3);
 111   1          iic_ack();
 112   1          temp=iic_rev();
 113   1          iic_stop();
 114   1          return temp;
 115   1      }


C51 COMPILER V9.00   IIC                                                                   09/06/2018 20:28:56 PAGE 3   

MODULE INFORMATION:   STATIC OVERLAYABLE
   CODE SIZE        =    242    ----
   CONSTANT SIZE    =   ----    ----
   XDATA SIZE       =   ----    ----
   PDATA SIZE       =   ----    ----
   DATA SIZE        =   ----    ----
   IDATA SIZE       =   ----    ----
   BIT SIZE         =   ----    ----
END OF MODULE INFORMATION.


C51 COMPILATION COMPLETE.  0 WARNING(S),  0 ERROR(S)
