C51 COMPILER V9.00   PCF8563                                                               09/06/2018 20:28:57 PAGE 1   


C51 COMPILER V9.00, COMPILATION OF MODULE PCF8563
OBJECT MODULE PLACED IN PCF8563.OBJ
COMPILER INVOKED BY: F:\Program Files\keil4\C51\BIN\C51.EXE PCF8563.c LARGE BROWSE DEBUG OBJECTEXTEND

line level    source

   1          #include<iic.h>
   2          #include<PCF8563.h>
   3          
   4          void time_init()
   5          {
   6   1              iic_send_add_byte(0x02,0x00);   //0秒
   7   1              iic_send_add_byte(0x03,0x00);   //0分钟    
   8   1              iic_send_add_byte(0x04,0x00);   //0小时   
   9   1              iic_send_add_byte(0x05,0x01);   //1号
  10   1              iic_send_add_byte(0x06,0x08);   //星期
  11   1              iic_send_add_byte(0x07,0x08);   //8月 
  12   1              iic_send_add_byte(0x08,0x18);   //2018年
  13   1      }
  14          
  15          void pcf_init()
  16          {
  17   1          iic_send_add_byte(0x00,0x00);  //启动时钟
  18   1      }
  19          
  20          //----------------BCD转10进制-----------
  21          uchar bcd_dec(uchar bat)
  22          {
  23   1              uchar temp1,temp2,tol;
  24   1              temp1=bat&0x0f;
  25   1              temp2=(bat&0xf0)>>4;
  26   1              tol=temp2*10+temp1;
  27   1              return tol; 
  28   1      }


MODULE INFORMATION:   STATIC OVERLAYABLE
   CODE SIZE        =     72    ----
   CONSTANT SIZE    =   ----    ----
   XDATA SIZE       =   ----    ----
   PDATA SIZE       =   ----    ----
   DATA SIZE        =   ----    ----
   IDATA SIZE       =   ----    ----
   BIT SIZE         =   ----    ----
END OF MODULE INFORMATION.


C51 COMPILATION COMPLETE.  0 WARNING(S),  0 ERROR(S)
